In-telligent/app/build/intermediates/manifest_merge_blame_file/release/manifest-merger-blame-release-report.txt
1<?xml version="1.0" encoding="utf-8"?>
2<manifest xmlns:android="http://schemas.android.com/apk/res/android"
3    package="com.sca.in_telligent" >
4
5    <uses-sdk
6        android:minSdkVersion="24"
6-->src/main/AndroidManifest.xml
7        android:targetSdkVersion="33" />
7-->src/main/AndroidManifest.xml
8
9    <uses-permission android:name="android.permission.BROADCAST_CLOSE_SYSTEM_DIALOGS" />
9-->src/main/AndroidManifest.xml:6:5-89
9-->src/main/AndroidManifest.xml:6:22-86
10    <uses-permission android:name="android.permission.INTERNET" />
10-->src/main/AndroidManifest.xml:7:5-67
10-->src/main/AndroidManifest.xml:7:22-64
11    <uses-permission android:name="android.permission.ACCESS_NETWORK_STATE" />
11-->src/main/AndroidManifest.xml:8:5-79
11-->src/main/AndroidManifest.xml:8:22-76
12    <uses-permission android:name="android.permission.ACCESS_COARSE_LOCATION" />
12-->src/main/AndroidManifest.xml:9:5-81
12-->src/main/AndroidManifest.xml:9:22-78
13    <uses-permission android:name="android.permission.ACCESS_FINE_LOCATION" />
13-->src/main/AndroidManifest.xml:10:5-79
13-->src/main/AndroidManifest.xml:10:22-76
14    <uses-permission android:name="android.permission.WAKE_LOCK" />
14-->src/main/AndroidManifest.xml:11:5-68
14-->src/main/AndroidManifest.xml:11:22-65
15    <uses-permission android:name="android.permission.RECEIVE_BOOT_COMPLETED" />
15-->src/main/AndroidManifest.xml:12:5-81
15-->src/main/AndroidManifest.xml:12:22-78
16    <uses-permission android:name="com.google.android.c2dm.permission.RECEIVE" />
16-->src/main/AndroidManifest.xml:13:5-82
16-->src/main/AndroidManifest.xml:13:22-79
17    <uses-permission android:name="android.permission.ACCESS_WIFI_STATE" />
17-->src/main/AndroidManifest.xml:14:5-76
17-->src/main/AndroidManifest.xml:14:22-73
18    <uses-permission
18-->src/main/AndroidManifest.xml:15:5-16:38
19        android:name="android.permission.READ_EXTERNAL_STORAGE"
19-->src/main/AndroidManifest.xml:15:22-77
20        android:maxSdkVersion="32" />
20-->src/main/AndroidManifest.xml:16:9-35
21    <uses-permission
21-->src/main/AndroidManifest.xml:17:5-19:40
22        android:name="android.permission.WRITE_EXTERNAL_STORAGE"
22-->src/main/AndroidManifest.xml:17:22-78
23        android:maxSdkVersion="32" />
23-->src/main/AndroidManifest.xml:18:9-35
24    <uses-permission android:name="android.permission.CALL_PHONE" />
24-->src/main/AndroidManifest.xml:20:5-69
24-->src/main/AndroidManifest.xml:20:22-66
25
26    <uses-feature android:name="android.hardware.location.gps" />
26-->src/main/AndroidManifest.xml:22:5-66
26-->src/main/AndroidManifest.xml:22:19-63
27    <uses-feature android:name="android.hardware.location.network" />
27-->src/main/AndroidManifest.xml:23:5-70
27-->src/main/AndroidManifest.xml:23:19-67
28
29    <permission
29-->src/main/AndroidManifest.xml:25:5-27:47
30        android:name="com.sca.in_telligent.permission.C2D_MESSAGE"
30-->src/main/AndroidManifest.xml:26:9-67
31        android:protectionLevel="signature" />
31-->src/main/AndroidManifest.xml:27:9-44
32
33    <uses-permission android:name="com.sca.in_telligent.permission.C2D_MESSAGE" />
33-->src/main/AndroidManifest.xml:29:5-83
33-->src/main/AndroidManifest.xml:29:22-80
34    <uses-permission android:name="android.permission.CAMERA" />
34-->src/main/AndroidManifest.xml:31:5-65
34-->src/main/AndroidManifest.xml:31:22-62
35    <uses-permission android:name="android.permission.FLASHLIGHT" />
35-->src/main/AndroidManifest.xml:32:5-69
35-->src/main/AndroidManifest.xml:32:22-66
36    <uses-permission android:name="android.permission.VIBRATE" />
36-->src/main/AndroidManifest.xml:33:5-66
36-->src/main/AndroidManifest.xml:33:22-63
37    <uses-permission android:name="android.permission.RECORD_AUDIO" />
37-->src/main/AndroidManifest.xml:34:5-71
37-->src/main/AndroidManifest.xml:34:22-68
38    <uses-permission android:name="android.permission.MODIFY_AUDIO_SETTINGS" />
38-->src/main/AndroidManifest.xml:35:5-80
38-->src/main/AndroidManifest.xml:35:22-77
39    <uses-permission android:name="android.permission.READ_PHONE_STATE" />
39-->src/main/AndroidManifest.xml:36:5-75
39-->src/main/AndroidManifest.xml:36:22-72
40    <uses-permission android:name="android.permission.BLUETOOTH" />
40-->src/main/AndroidManifest.xml:38:5-68
40-->src/main/AndroidManifest.xml:38:22-65
41    <uses-permission android:name="android.permission.BLUETOOTH_ADMIN" />
41-->src/main/AndroidManifest.xml:39:5-74
41-->src/main/AndroidManifest.xml:39:22-71
42    <uses-permission android:name="android.permission.FOREGROUND_SERVICE" />
42-->src/main/AndroidManifest.xml:40:5-77
42-->src/main/AndroidManifest.xml:40:22-74
43    <uses-permission android:name="android.permission.ACCESS_BACKGROUND_LOCATION" />
43-->src/main/AndroidManifest.xml:41:5-85
43-->src/main/AndroidManifest.xml:41:22-82
44    <uses-permission android:name="android.permission.ACCESS_NOTIFICATION_POLICY" />
44-->src/main/AndroidManifest.xml:42:5-85
44-->src/main/AndroidManifest.xml:42:22-82
45    <uses-permission android:name="android.permission.POST_NOTIFICATIONS" />
45-->src/main/AndroidManifest.xml:43:5-76
45-->src/main/AndroidManifest.xml:43:22-74
46
47    <uses-feature
47-->src/main/AndroidManifest.xml:46:5-48:36
48        android:name="android.hardware.bluetooth_le"
48-->src/main/AndroidManifest.xml:47:9-53
49        android:required="false" />
49-->src/main/AndroidManifest.xml:48:9-33
50    <uses-feature
50-->src/main/AndroidManifest.xml:49:5-51:36
51        android:name="android.hardware.camera"
51-->src/main/AndroidManifest.xml:50:9-47
52        android:required="false" />
52-->src/main/AndroidManifest.xml:51:9-33
53    <uses-feature
53-->src/main/AndroidManifest.xml:52:5-54:36
54        android:name="android.hardware.telephony"
54-->src/main/AndroidManifest.xml:53:9-50
55        android:required="false" />
55-->src/main/AndroidManifest.xml:54:9-33
56
57    <uses-permission android:name="com.google.android.gms.permission.AD_ID" />
57-->[com.google.android.gms:play-services-measurement-api:21.1.1] AndroidManifest.xml:25:5-79
57-->[com.google.android.gms:play-services-measurement-api:21.1.1] AndroidManifest.xml:25:22-76
58
59    <queries>
59-->[com.facebook.android:facebook-common:16.2.0] AndroidManifest.xml:17:5-19:15
60        <package android:name="com.facebook.katana" />
60-->[com.facebook.android:facebook-common:16.2.0] AndroidManifest.xml:18:9-55
60-->[com.facebook.android:facebook-common:16.2.0] AndroidManifest.xml:18:18-52
61        <!-- Needs to be explicitly declared on Android R+ -->
62        <package android:name="com.google.android.apps.maps" />
62-->[com.google.android.gms:play-services-maps:18.2.0] AndroidManifest.xml:33:9-64
62-->[com.google.android.gms:play-services-maps:18.2.0] AndroidManifest.xml:33:18-61
63    </queries>
64
65    <uses-feature
65-->[com.google.android.gms:play-services-maps:18.2.0] AndroidManifest.xml:26:5-28:35
66        android:glEsVersion="0x00020000"
66-->[com.google.android.gms:play-services-maps:18.2.0] AndroidManifest.xml:27:9-41
67        android:required="true" />
67-->[com.google.android.gms:play-services-maps:18.2.0] AndroidManifest.xml:28:9-32
68
69    <uses-permission android:name="android.permission.REORDER_TASKS" />
69-->[androidx.test:core:1.5.0] AndroidManifest.xml:24:5-72
69-->[androidx.test:core:1.5.0] AndroidManifest.xml:24:22-69
70    <uses-permission android:name="com.google.android.finsky.permission.BIND_GET_INSTALL_REFERRER_SERVICE" />
70-->[com.google.android.gms:play-services-measurement:21.1.1] AndroidManifest.xml:26:5-110
70-->[com.google.android.gms:play-services-measurement:21.1.1] AndroidManifest.xml:26:22-107
71
72    <application
72-->src/main/AndroidManifest.xml:56:5-298:19
73        android:name="com.sca.in_telligent.ScaApplication"
73-->src/main/AndroidManifest.xml:57:9-39
74        android:allowBackup="true"
74-->src/main/AndroidManifest.xml:58:9-35
75        android:appComponentFactory="androidx.core.app.CoreComponentFactory"
75-->[androidx.core:core:1.5.0] AndroidManifest.xml:24:18-86
76        android:extractNativeLibs="false"
77        android:icon="@mipmap/ic_launcher"
77-->src/main/AndroidManifest.xml:59:9-43
78        android:label="@string/app_name"
78-->src/main/AndroidManifest.xml:60:9-41
79        android:networkSecurityConfig="@xml/network_security_config"
79-->src/main/AndroidManifest.xml:61:9-69
80        android:supportsRtl="true"
80-->src/main/AndroidManifest.xml:62:9-35
81        android:theme="@style/AppTheme" >
81-->src/main/AndroidManifest.xml:63:9-40
82        <activity
82-->src/main/AndroidManifest.xml:66:9-89:20
83            android:name="com.sca.in_telligent.ui.main.MainActivity"
83-->src/main/AndroidManifest.xml:67:13-49
84            android:exported="true"
84-->src/main/AndroidManifest.xml:71:13-36
85            android:launchMode="singleTop"
85-->src/main/AndroidManifest.xml:68:13-43
86            android:screenOrientation="portrait"
86-->src/main/AndroidManifest.xml:69:13-49
87            android:windowSoftInputMode="adjustPan" >
87-->src/main/AndroidManifest.xml:70:13-52
88            <intent-filter>
88-->src/main/AndroidManifest.xml:73:13-86:29
89                <action android:name="android.intent.action.VIEW" />
89-->src/main/AndroidManifest.xml:74:17-69
89-->src/main/AndroidManifest.xml:74:25-66
90                <action android:name=".MainActivity" />
90-->src/main/AndroidManifest.xml:75:17-56
90-->src/main/AndroidManifest.xml:75:25-53
91                <action android:name="android.intent.action.MAIN" />
91-->src/main/AndroidManifest.xml:76:17-69
91-->src/main/AndroidManifest.xml:76:25-66
92
93                <category android:name="android.intent.category.DEFAULT" />
93-->src/main/AndroidManifest.xml:78:17-76
93-->src/main/AndroidManifest.xml:78:27-73
94                <category android:name="android.intent.category.BROWSABLE" />
94-->src/main/AndroidManifest.xml:79:17-78
94-->src/main/AndroidManifest.xml:79:27-75
95                <category android:name="android.intent.category.LAUNCHER" />
95-->src/main/AndroidManifest.xml:80:17-77
95-->src/main/AndroidManifest.xml:80:27-74
96
97                <data
97-->src/main/AndroidManifest.xml:82:17-85:45
98                    android:host="http://app-intelligent.com"
98-->src/main/AndroidManifest.xml:83:21-62
99                    android:pathPrefix="/subscribe/"
99-->src/main/AndroidManifest.xml:84:21-53
100                    android:scheme="http" />
100-->src/main/AndroidManifest.xml:85:21-42
101            </intent-filter>
102        </activity>
103
104        <!-- Splash Screen -->
105        <activity
105-->src/main/AndroidManifest.xml:92:9-101:20
106            android:name="com.sca.in_telligent.ui.splash.SplashActivity"
106-->src/main/AndroidManifest.xml:93:13-53
107            android:exported="true"
107-->src/main/AndroidManifest.xml:96:13-36
108            android:label="@string/app_name"
108-->src/main/AndroidManifest.xml:94:13-45
109            android:screenOrientation="portrait" >
109-->src/main/AndroidManifest.xml:95:13-49
110            <intent-filter>
110-->src/main/AndroidManifest.xml:97:13-100:29
111                <action android:name="android.intent.action.MAIN" />
111-->src/main/AndroidManifest.xml:76:17-69
111-->src/main/AndroidManifest.xml:76:25-66
112
113                <category android:name="android.intent.category.LAUNCHER" />
113-->src/main/AndroidManifest.xml:80:17-77
113-->src/main/AndroidManifest.xml:80:27-74
114            </intent-filter>
115        </activity>
116        <activity
116-->src/main/AndroidManifest.xml:103:9-108:61
117            android:name="com.sca.in_telligent.ui.auth.login.LoginActivity"
117-->src/main/AndroidManifest.xml:104:13-56
118            android:label="@string/app_name"
118-->src/main/AndroidManifest.xml:105:13-45
119            android:launchMode="singleTask"
119-->src/main/AndroidManifest.xml:106:13-44
120            android:noHistory="true"
120-->src/main/AndroidManifest.xml:107:13-37
121            android:screenOrientation="portrait" />
121-->src/main/AndroidManifest.xml:108:13-49
122        <activity
122-->src/main/AndroidManifest.xml:110:9-114:61
123            android:name="com.sca.in_telligent.ui.auth.register.SignupPasswordActivity"
123-->src/main/AndroidManifest.xml:111:13-68
124            android:label="@string/app_name"
124-->src/main/AndroidManifest.xml:112:13-45
125            android:launchMode="singleTask"
125-->src/main/AndroidManifest.xml:113:13-44
126            android:screenOrientation="portrait" />
126-->src/main/AndroidManifest.xml:114:13-49
127        <activity
127-->src/main/AndroidManifest.xml:116:9-121:61
128            android:name="com.sca.in_telligent.ui.auth.register.SignupDemographicsActivity"
128-->src/main/AndroidManifest.xml:117:13-72
129            android:label="@string/app_name"
129-->src/main/AndroidManifest.xml:118:13-45
130            android:launchMode="singleTask"
130-->src/main/AndroidManifest.xml:119:13-44
131            android:noHistory="true"
131-->src/main/AndroidManifest.xml:120:13-37
132            android:screenOrientation="portrait" />
132-->src/main/AndroidManifest.xml:121:13-49
133        <activity
133-->src/main/AndroidManifest.xml:123:9-127:61
134            android:name="com.sca.in_telligent.ui.auth.logout.LogoutActivity"
134-->src/main/AndroidManifest.xml:124:13-58
135            android:label="@string/app_name"
135-->src/main/AndroidManifest.xml:125:13-45
136            android:launchMode="singleTask"
136-->src/main/AndroidManifest.xml:126:13-44
137            android:screenOrientation="portrait" />
137-->src/main/AndroidManifest.xml:127:13-49
138        <activity
138-->src/main/AndroidManifest.xml:129:9-133:61
139            android:name="com.sca.in_telligent.ui.intro.IntroActivity"
139-->src/main/AndroidManifest.xml:130:13-51
140            android:label="@string/app_name"
140-->src/main/AndroidManifest.xml:131:13-45
141            android:launchMode="singleTask"
141-->src/main/AndroidManifest.xml:132:13-44
142            android:screenOrientation="portrait" />
142-->src/main/AndroidManifest.xml:133:13-49
143        <activity
143-->src/main/AndroidManifest.xml:135:9-152:20
144            android:name="com.sca.in_telligent.ui.auth.reset.ResetPasswordActivity"
144-->src/main/AndroidManifest.xml:136:13-64
145            android:exported="true"
145-->src/main/AndroidManifest.xml:139:13-36
146            android:label="@string/app_name"
146-->src/main/AndroidManifest.xml:137:13-45
147            android:launchMode="singleTop"
147-->src/main/AndroidManifest.xml:138:13-43
148            android:screenOrientation="portrait" >
148-->src/main/AndroidManifest.xml:140:13-49
149            <intent-filter android:autoVerify="true" >
149-->src/main/AndroidManifest.xml:141:13-151:29
149-->src/main/AndroidManifest.xml:141:28-53
150                <action android:name="android.intent.action.VIEW" />
150-->src/main/AndroidManifest.xml:74:17-69
150-->src/main/AndroidManifest.xml:74:25-66
151
152                <category android:name="android.intent.category.DEFAULT" />
152-->src/main/AndroidManifest.xml:78:17-76
152-->src/main/AndroidManifest.xml:78:27-73
153                <category android:name="android.intent.category.BROWSABLE" />
153-->src/main/AndroidManifest.xml:79:17-78
153-->src/main/AndroidManifest.xml:79:27-75
154
155                <data
155-->src/main/AndroidManifest.xml:82:17-85:45
156                    android:host="http://app-intelligent.com"
156-->src/main/AndroidManifest.xml:83:21-62
157                    android:pathPrefix="/subscribers/reset"
157-->src/main/AndroidManifest.xml:84:21-53
158                    android:scheme="http" />
158-->src/main/AndroidManifest.xml:85:21-42
159            </intent-filter>
160        </activity>
161        <activity
161-->src/main/AndroidManifest.xml:154:9-157:75
162            android:name="com.sca.in_telligent.ui.popup.LifeSafetyPopupActivity"
162-->src/main/AndroidManifest.xml:155:13-61
163            android:label="@string/app_name"
163-->src/main/AndroidManifest.xml:156:13-45
164            android:theme="@style/Theme.AppCompat.Translucent" />
164-->src/main/AndroidManifest.xml:157:13-63
165        <activity
165-->src/main/AndroidManifest.xml:159:9-162:56
166            android:name="com.sca.in_telligent.ui.popup.PersonalSafetyPopupActivity"
166-->src/main/AndroidManifest.xml:160:13-65
167            android:label="@string/app_name"
167-->src/main/AndroidManifest.xml:161:13-45
168            android:theme="@style/AppTheme" />
168-->src/main/AndroidManifest.xml:162:13-44
169        <activity
169-->src/main/AndroidManifest.xml:164:9-167:56
170            android:name="com.sca.in_telligent.ui.popup.IncomingCallActivity"
170-->src/main/AndroidManifest.xml:165:13-58
171            android:label="@string/app_name"
171-->src/main/AndroidManifest.xml:166:13-45
172            android:theme="@style/AppTheme" />
172-->src/main/AndroidManifest.xml:167:13-44
173
174        <meta-data
174-->src/main/AndroidManifest.xml:170:9-172:71
175            android:name="com.crashlytics.ApiKey"
175-->src/main/AndroidManifest.xml:171:13-50
176            android:value="AIzaSyDOTwI7es6tQHggdKSd24JF_1EL2tio0GE" />
176-->src/main/AndroidManifest.xml:172:13-68
177        <meta-data
177-->src/main/AndroidManifest.xml:174:9-176:69
178            android:name="com.google.android.gms.version"
178-->src/main/AndroidManifest.xml:175:13-58
179            android:value="@integer/google_play_services_version" />
179-->src/main/AndroidManifest.xml:176:13-66
180        <meta-data
180-->src/main/AndroidManifest.xml:178:9-180:55
181            android:name="com.facebook.sdk.ApplicationId"
181-->src/main/AndroidManifest.xml:179:13-58
182            android:value="@string/facebook_app_id" />
182-->src/main/AndroidManifest.xml:180:13-52
183        <meta-data
183-->src/main/AndroidManifest.xml:182:9-184:55
184            android:name="com.google.android.geo.API_KEY"
184-->src/main/AndroidManifest.xml:183:13-58
185            android:value="@string/google_maps_key" />
185-->src/main/AndroidManifest.xml:184:13-52
186        <meta-data
186-->src/main/AndroidManifest.xml:186:9-188:36
187            android:name="com.tamoco.APP_ID"
187-->src/main/AndroidManifest.xml:187:13-45
188            android:value="2473" />
188-->src/main/AndroidManifest.xml:188:13-33
189        <meta-data
189-->src/main/AndroidManifest.xml:189:9-191:72
190            android:name="com.tamoco.APP_SECRET"
190-->src/main/AndroidManifest.xml:190:13-49
191            android:value="f8f7033793882e399610e6c30c6830ba5ffdcbf0" />
191-->src/main/AndroidManifest.xml:191:13-69
192
193        <activity
193-->src/main/AndroidManifest.xml:193:9-198:45
194            android:name="com.facebook.FacebookActivity"
194-->src/main/AndroidManifest.xml:194:13-57
195            android:configChanges="keyboard|keyboardHidden|screenLayout|screenSize|orientation"
195-->src/main/AndroidManifest.xml:195:13-96
196            android:label="@string/app_name"
196-->src/main/AndroidManifest.xml:196:13-45
197            android:theme="@android:style/Theme.Translucent.NoTitleBar" />
197-->src/main/AndroidManifest.xml:197:13-72
198
199        <!-- &lt;!&ndash;Mopub &ndash;&gt; -->
200        <!-- <activity -->
201        <!-- android:name="com.mopub.common.MoPubBrowser" -->
202        <!-- android:configChanges="keyboardHidden|orientation|screenSize" /> -->
203        <!-- <activity -->
204        <!-- android:name="com.mopub.mobileads.MraidVideoPlayerActivity" -->
205        <!-- android:configChanges="keyboardHidden|orientation|screenSize" /> -->
206
207        <activity
207-->src/main/AndroidManifest.xml:209:9-211:77
208            android:name="com.smaato.soma.ExpandedBannerActivity"
208-->src/main/AndroidManifest.xml:210:13-66
209            android:configChanges="keyboardHidden|orientation|screenSize" />
209-->src/main/AndroidManifest.xml:211:13-74
210        <activity
210-->src/main/AndroidManifest.xml:213:9-215:77
211            android:name="com.smaato.soma.interstitial.InterstitialActivity"
211-->src/main/AndroidManifest.xml:214:13-77
212            android:configChanges="keyboardHidden|orientation|screenSize" />
212-->src/main/AndroidManifest.xml:215:13-74
213
214        <!-- <activity -->
215        <!-- android:name="com.amazon.device.ads.AdActivity" -->
216        <!-- android:configChanges="keyboardHidden|orientation|screenSize" /> -->
217
218        <activity
218-->src/main/AndroidManifest.xml:221:9-223:125
219            android:name="com.aerserv.sdk.view.ASVastInterstitialActivity"
219-->src/main/AndroidManifest.xml:222:13-75
220            android:configChanges="keyboard|keyboardHidden|orientation|screenLayout|uiMode|screenSize|smallestScreenSize" />
220-->src/main/AndroidManifest.xml:223:13-122
221        <activity
221-->src/main/AndroidManifest.xml:224:9-226:125
222            android:name="com.aerserv.sdk.view.ASWebviewInterstitialActivity"
222-->src/main/AndroidManifest.xml:225:13-78
223            android:configChanges="keyboard|keyboardHidden|orientation|screenLayout|uiMode|screenSize|smallestScreenSize" />
223-->src/main/AndroidManifest.xml:226:13-122
224        <activity
224-->src/main/AndroidManifest.xml:227:9-229:125
225            android:name="com.aerserv.sdk.view.ASVpaidInterstitalActivity"
225-->src/main/AndroidManifest.xml:228:13-75
226            android:configChanges="keyboard|keyboardHidden|orientation|screenLayout|uiMode|screenSize|smallestScreenSize" />
226-->src/main/AndroidManifest.xml:229:13-122
227        <activity
227-->src/main/AndroidManifest.xml:230:9-232:125
228            android:name="com.aerserv.sdk.view.AerServFullScreenAdActivity"
228-->src/main/AndroidManifest.xml:231:13-76
229            android:configChanges="keyboard|keyboardHidden|orientation|screenLayout|uiMode|screenSize|smallestScreenSize" />
229-->src/main/AndroidManifest.xml:232:13-122
230        <!-- <activity -->
231        <!-- android:name="com.yalantis.ucrop.UCropActivity" -->
232        <!-- android:screenOrientation="portrait" -->
233        <!-- android:theme="@style/Theme.AppCompat.Light.NoActionBar" /> -->
234
235        <receiver android:name="com.factual.android.LocationUpdateReceiver" />
235-->src/main/AndroidManifest.xml:238:9-79
235-->src/main/AndroidManifest.xml:238:19-76
236        <receiver
236-->src/main/AndroidManifest.xml:239:9-246:20
237            android:name="com.sca.in_telligent.receiver.FirebaseBroadcastReceiver"
237-->src/main/AndroidManifest.xml:240:13-83
238            android:exported="true"
238-->src/main/AndroidManifest.xml:241:13-36
239            android:permission="com.google.android.c2dm.permission.SEND" >
239-->src/main/AndroidManifest.xml:242:13-73
240            <intent-filter>
240-->src/main/AndroidManifest.xml:243:13-245:29
241                <action android:name="com.google.android.c2dm.intent.RECEIVE" />
241-->src/main/AndroidManifest.xml:244:17-81
241-->src/main/AndroidManifest.xml:244:25-78
242            </intent-filter>
243        </receiver>
244
245        <service
245-->src/main/AndroidManifest.xml:248:9-251:72
246            android:name="com.factual.android.ObservationGraphJobService"
246-->src/main/AndroidManifest.xml:249:13-74
247            android:label="Observation Graph Job Service"
247-->src/main/AndroidManifest.xml:250:13-58
248            android:permission="android.permission.BIND_JOB_SERVICE" />
248-->src/main/AndroidManifest.xml:251:13-69
249        <service
249-->src/main/AndroidManifest.xml:253:9-259:19
250            android:name="com.sca.in_telligent.service.MyFirebaseMessagingService"
250-->src/main/AndroidManifest.xml:254:13-63
251            android:exported="false" >
251-->src/main/AndroidManifest.xml:255:13-37
252            <intent-filter>
252-->src/main/AndroidManifest.xml:256:13-258:29
253                <action android:name="com.google.firebase.MESSAGING_EVENT" />
253-->src/main/AndroidManifest.xml:257:17-78
253-->src/main/AndroidManifest.xml:257:25-75
254            </intent-filter>
255        </service>
256        <service
256-->src/main/AndroidManifest.xml:261:9-264:72
257            android:name="com.sca.in_telligent.service.GeofenceTransitionsIntentService"
257-->src/main/AndroidManifest.xml:262:13-69
258            android:exported="true"
258-->src/main/AndroidManifest.xml:263:13-36
259            android:permission="android.permission.BIND_JOB_SERVICE" />
259-->src/main/AndroidManifest.xml:264:13-69
260
261        <!-- <service -->
262        <!-- android:name=".openapi.service.BeaconScannerService" -->
263        <!-- android:enabled="true" /> -->
264
265
266        <!-- <service -->
267        <!-- android:name=".openapi.service.OpenApiBeaconService" -->
268        <!-- tools:node="replace"> -->
269        <!-- <meta-data -->
270        <!-- android:name="longScanForcingEnabled" -->
271        <!-- android:value="true" /> -->
272        <!-- </service> -->
273
274        <receiver
274-->src/main/AndroidManifest.xml:279:9-282:39
275            android:name="com.sca.in_telligent.receiver.GeofenceBroadcastReceiver"
275-->src/main/AndroidManifest.xml:280:13-63
276            android:enabled="true"
276-->src/main/AndroidManifest.xml:281:13-35
277            android:exported="true" />
277-->src/main/AndroidManifest.xml:282:13-36
278
279        <meta-data
279-->src/main/AndroidManifest.xml:285:9-287:56
280            android:name="com.google.firebase.messaging.default_notification_icon"
280-->src/main/AndroidManifest.xml:286:13-83
281            android:resource="@drawable/ic_launcher" />
281-->src/main/AndroidManifest.xml:287:13-53
282        <!--
283             Set color used with incoming notification messages. This is used when no color is set for the incoming
284             notification message. See README(https://goo.gl/6BKBk7) for more.
285        -->
286        <meta-data
286-->src/main/AndroidManifest.xml:290:9-292:53
287            android:name="com.google.firebase.messaging.default_notification_color"
287-->src/main/AndroidManifest.xml:291:13-84
288            android:resource="@color/colorAccent" />
288-->src/main/AndroidManifest.xml:292:13-50
289        <meta-data
289-->src/main/AndroidManifest.xml:294:9-296:71
290            android:name="com.google.firebase.messaging.default_notification_channel_id"
290-->src/main/AndroidManifest.xml:295:13-89
291            android:value="@string/default_notification_channel_id" />
291-->src/main/AndroidManifest.xml:296:13-68
292
293        <service
293-->[com.google.firebase:firebase-perf:20.5.1] AndroidManifest.xml:11:9-20:19
294            android:name="com.google.firebase.components.ComponentDiscoveryService"
294-->[com.google.firebase:firebase-perf:20.5.1] AndroidManifest.xml:12:13-84
295            android:directBootAware="true"
295-->[com.google.firebase:firebase-common:20.4.2] AndroidManifest.xml:32:13-43
296            android:exported="false" >
296-->[com.google.firebase:firebase-perf:20.5.1] AndroidManifest.xml:13:13-37
297            <meta-data
297-->[com.google.firebase:firebase-perf:20.5.1] AndroidManifest.xml:14:13-16:85
298                android:name="com.google.firebase.components:com.google.firebase.perf.FirebasePerfKtxRegistrar"
298-->[com.google.firebase:firebase-perf:20.5.1] AndroidManifest.xml:15:17-112
299                android:value="com.google.firebase.components.ComponentRegistrar" />
299-->[com.google.firebase:firebase-perf:20.5.1] AndroidManifest.xml:16:17-82
300            <meta-data
300-->[com.google.firebase:firebase-perf:20.5.1] AndroidManifest.xml:17:13-19:85
301                android:name="com.google.firebase.components:com.google.firebase.perf.FirebasePerfRegistrar"
301-->[com.google.firebase:firebase-perf:20.5.1] AndroidManifest.xml:18:17-109
302                android:value="com.google.firebase.components.ComponentRegistrar" />
302-->[com.google.firebase:firebase-perf:20.5.1] AndroidManifest.xml:19:17-82
303            <meta-data
303-->[com.google.firebase:firebase-messaging:23.3.1] AndroidManifest.xml:57:13-59:85
304                android:name="com.google.firebase.components:com.google.firebase.messaging.FirebaseMessagingKtxRegistrar"
304-->[com.google.firebase:firebase-messaging:23.3.1] AndroidManifest.xml:58:17-122
305                android:value="com.google.firebase.components.ComponentRegistrar" />
305-->[com.google.firebase:firebase-messaging:23.3.1] AndroidManifest.xml:59:17-82
306            <meta-data
306-->[com.google.firebase:firebase-messaging:23.3.1] AndroidManifest.xml:60:13-62:85
307                android:name="com.google.firebase.components:com.google.firebase.messaging.FirebaseMessagingRegistrar"
307-->[com.google.firebase:firebase-messaging:23.3.1] AndroidManifest.xml:61:17-119
308                android:value="com.google.firebase.components.ComponentRegistrar" />
308-->[com.google.firebase:firebase-messaging:23.3.1] AndroidManifest.xml:62:17-82
309            <meta-data
309-->[com.google.firebase:firebase-config:21.5.0] AndroidManifest.xml:29:13-31:85
310                android:name="com.google.firebase.components:com.google.firebase.remoteconfig.FirebaseRemoteConfigKtxRegistrar"
310-->[com.google.firebase:firebase-config:21.5.0] AndroidManifest.xml:30:17-128
311                android:value="com.google.firebase.components.ComponentRegistrar" />
311-->[com.google.firebase:firebase-config:21.5.0] AndroidManifest.xml:31:17-82
312            <meta-data
312-->[com.google.firebase:firebase-config:21.5.0] AndroidManifest.xml:32:13-34:85
313                android:name="com.google.firebase.components:com.google.firebase.remoteconfig.RemoteConfigRegistrar"
313-->[com.google.firebase:firebase-config:21.5.0] AndroidManifest.xml:33:17-117
314                android:value="com.google.firebase.components.ComponentRegistrar" />
314-->[com.google.firebase:firebase-config:21.5.0] AndroidManifest.xml:34:17-82
315            <meta-data
315-->[com.google.firebase:firebase-sessions:1.2.0] AndroidManifest.xml:29:13-31:85